<?xml version="1.0" encoding="utf-8"?><testsuites name="pytest tests"><testsuite name="pytest" errors="0" failures="0" skipped="32" tests="1702" time="966.976" timestamp="2026-09-05T23:16:06.217646+08:00" hostname="redacted-local-workstation"><testcase classname="tests.test_ac_linear_model" name="test_ieee14_ac_case_fixture_shape" time="0.000" /><testcase classname="tests.test_ac_linear_model" name="test_ac_measurement_vector_and_jacobian_shapes" time="0.005" /><testcase classname="tests.test_ac_linear_model" name="test_ac_jacobian_matches_finite_differences_on_selected_rows" time="0.247" /><testcase classname="tests.test_ac_linear_model" name="test_ac_weighted_system_metadata_and_component_indices" time="0.012" /><testcase classname="tests.test_ac_linear_model" name="test_ac_smoke_run_writes_artifacts_and_component_metrics" time="0.042" /><testcase classname="tests.test_ac_linear_model" name="test_ac_sweep_run_writes_aggregate_outputs" time="0.123" /><testcase classname="tests.test_ac_linear_model" name="test_invalid_ac_measurement_std_fails_validation" time="0.001" /><testcase classname="tests.test_ac_linear_model" name="test_invalid_ac_measurement_selection_fails_validation" time="0.001" /><testcase classname="tests.test_access_matched_classical_baselines" name="test_access_matched_methods_compute_same_selected_output_or_report_approximation" time="0.009" /><testcase classname="tests.test_accuracy_success_tradeoff" name="test_accuracy_success_tradeoff_computes_pareto_frontier" time="0.000" /><testcase classname="tests.test_accuracy_success_tradeoff" name="test_accuracy_success_tradeoff_writes_outputs" time="0.038" /><testcase classname="tests.test_alpha_degree_refinement" name="test_alpha_degree_refinement_handles_failed_high_degree_rows" time="0.001" /><testcase classname="tests.test_alpha_degree_refinement" name="test_alpha_degree_refinement_writes_required_outputs" time="0.029" /><testcase classname="tests.test_alpha_sensitivity_consolidation" name="test_alpha_consolidation_never_fabricates_alpha_when_config_absent" time="0.024" /><testcase classname="tests.test_alpha_sensitivity_consolidation" name="test_alpha_consolidation_records_missing_alpha_rows" time="0.023" /><testcase classname="tests.test_alpha_sensitivity_consolidation" name="test_alpha_selection_rule_marks_oracle_best_as_diagnostic_only" time="0.023" /><testcase classname="tests.test_amplitude_estimation_routines" name="test_bernoulli_estimator_is_unbiased_within_tolerance" time="0.003" /><testcase classname="tests.test_amplitude_estimation_routines" name="test_wilson_interval_contains_true_probability" time="0.010" /><testcase classname="tests.test_amplitude_estimation_routines" name="test_exact_success_probability_matches_direct_computation" time="0.001" /><testcase classname="tests.test_amplitude_estimation_routines" name="test_iterative_mlae_recovers_known_amplitude_on_testbed" time="0.001" /><testcase classname="tests.test_amplitude_estimation_routines" name="test_build_problem_and_iterative_estimate_agree_with_exact" time="0.078" /><testcase classname="tests.test_amplitude_estimation_routines" name="test_observable_estimator_reports_magnitude_only" time="0.000" /><testcase classname="tests.test_amplitude_estimation_routines" name="test_point_rows_use_valid_labels_and_columns" time="0.097" /><testcase classname="tests.test_bad_data" name="test_bad_data_injection_is_deterministic_for_fixed_seed" time="0.001" /><testcase classname="tests.test_bad_data" name="test_bad_data_ratio_controls_corrupted_row_count" time="0.000" /><testcase classname="tests.test_bad_data" name="test_bad_data_weak_area_target_selects_only_weak_rows" time="0.000" /><testcase classname="tests.test_bad_data" name="test_bad_data_measurement_injection_uses_weighted_magnitude_units" time="0.000" /><testcase classname="tests.test_bad_data" name="test_invalid_bad_data_config_fails_validation[bad_data0-ratio]" time="0.001" /><testcase classname="tests.test_bad_data" name="test_invalid_bad_data_config_fails_validation[bad_data1-magnitude]" time="0.000" /><testcase classname="tests.test_bad_data" name="test_invalid_bad_data_config_fails_validation[bad_data2-target]" time="0.000" /><testcase classname="tests.test_bad_data" name="test_weak_area_target_without_candidates_fails_clearly" time="0.000" /><testcase classname="tests.test_bad_data" name="test_single_step_bad_data_smoke_writes_metrics_and_resources" time="0.023" /><testcase classname="tests.test_bad_data" name="test_bad_data_sweep_writes_aggregate_outputs" time="0.122" /><testcase classname="tests.test_bad_data" name="test_iterative_ac_bad_data_run_records_structured_results" time="0.241" /><testcase classname="tests.test_baseline_coverage_extension" name="test_schema_and_hhl_not_full_hhl" time="0.070" /><testcase classname="tests.test_baseline_coverage_extension" name="test_lav_coverage_grounded_in_run_cases" time="0.049" /><testcase classname="tests.test_baseline_coverage_extension" name="test_robust_beats_ridge_under_bad_data" time="1.018" /><testcase classname="tests.test_best_config_gate_validation" name="test_best_config_gate_validation_selects_from_polynomial_results" time="0.003" /><testcase classname="tests.test_best_config_gate_validation" name="test_best_config_gate_validation_writes_required_outputs" time="0.018" /><testcase classname="tests.test_best_config_sampling_validation" name="test_sampling_runs_only_selected_configs" time="0.007" /><testcase classname="tests.test_best_config_sampling_validation" name="test_seeds_and_trials_recorded" time="0.006" /><testcase classname="tests.test_best_config_sampling_validation" name="test_summary_from_multiple_trials" time="0.005" /><testcase classname="tests.test_best_config_sampling_validation" name="test_empty_when_no_three_view" time="0.002" /><testcase classname="tests.test_bipartite_slot_assignment" name="test_phase9_pattern_terminates_and_is_valid_at_konig_minimum" time="0.010" /><testcase classname="tests.test_bipartite_slot_assignment" name="test_phase9_pattern_rejects_infeasible_two_slots_instead_of_looping" time="0.009" /><testcase classname="tests.test_bipartite_slot_assignment" name="test_known_small_graphs" time="0.000" /><testcase classname="tests.test_bipartite_slot_assignment" name="test_supports_row_degree_two_with_extra_slots" time="0.000" /><testcase classname="tests.test_bipartite_slot_assignment" name="test_deterministic_across_repeat_calls" time="0.010" /><testcase classname="tests.test_bipartite_slot_assignment" name="test_visit_budget_guard_raises_instead_of_hanging" time="0.000" /><testcase classname="tests.test_bipartite_slot_assignment" name="test_random_patterns_decompose_at_max_degree" time="0.006" /><testcase classname="tests.test_bipartite_slot_assignment" name="test_validator_rejects_double_covered_real_edge" time="0.000" /><testcase classname="tests.test_bipartite_slot_assignment" name="test_validator_rejects_uncovered_real_edge" time="0.000" /><testcase classname="tests.test_block_encoding" name="test_canonical_block_encoding_matches_research_matrix_top_left" time="0.010" /><testcase classname="tests.test_block_size_validity" name="test_block_size_plan_respects_state_dimension" time="0.054" /><testcase classname="tests.test_block_size_validity" name="test_ieee14_8x8_block_matches_frozen_extractor_selection" time="0.001" /><testcase classname="tests.test_block_size_validity" name="test_blocks_are_nested_for_ieee14" time="0.001" /><testcase classname="tests.test_block_size_validity" name="test_matched_policy_uses_frozen_alpha_only_for_primary_structure" time="0.016" /><testcase classname="tests.test_block_size_validity" name="test_matched_policy_guards_frozen_matrix_drift" time="0.015" /><testcase classname="tests.test_block_size_validity" name="test_full_support_rows_arithmetic_is_reproducible" time="0.021" /><testcase classname="tests.test_block_size_validity" name="test_stage1_median_excludes_near_zero_rows" time="0.004" /><testcase classname="tests.test_block_size_validity" name="test_trend_assessment_flags_and_thresholds" time="0.002" /><testcase classname="tests.test_bounded_target_designs" name="test_all_named_designs_present_and_completed" time="0.004" /><testcase classname="tests.test_bounded_target_designs" name="test_qsvt_safe_designs_preserve_boundedness" time="0.003" /><testcase classname="tests.test_bounded_target_designs" name="test_degree_adaptive_is_qsvt_safe_by_construction" time="0.003" /><testcase classname="tests.test_bounded_target_designs" name="test_scaling_only_designs_share_known_c_residual" time="0.003" /><testcase classname="tests.test_bounded_target_designs" name="test_shape_changing_designs_are_instance_aware_and_may_differ" time="0.003" /><testcase classname="tests.test_bounded_target_designs" name="test_filter_values_recorded_for_each_design" time="0.003" /><testcase classname="tests.test_bounded_target_designs" name="test_outputs_written_with_required_files" time="0.028" /><testcase classname="tests.test_case_status_consistency" name="test_ieee57_is_matrix_action_only" time="0.002" /><testcase classname="tests.test_case_status_consistency" name="test_case_rows_preserve_family_specific_tiers" time="0.001" /><testcase classname="tests.test_classical_audit_recheck" name="test_recheck_classifies_all_eight_estimators" time="0.020" /><testcase classname="tests.test_classical_audit_recheck" name="test_recheck_does_not_claim_lav_all_case_when_only_one_case" time="0.025" /><testcase classname="tests.test_classical_audit_recheck" name="test_recheck_keeps_qsvt_ridge_equivalent_no_superiority" time="0.025" /><testcase classname="tests.test_classical_selected_observable_baseline" name="test_classical_baseline_has_repeated_ieee300_timings" time="0.003" /><testcase classname="tests.test_classical_spectral_filtering_audit" name="test_estimator_definitions_do_not_claim_qsvt_beats_ridge" time="0.025" /><testcase classname="tests.test_classical_spectral_filtering_audit" name="test_classical_audit_records_missing_main_results_when_absent" time="0.025" /><testcase classname="tests.test_classical_spectral_filtering_audit" name="test_filter_comparison_marks_ridge_qsvt_identical" time="0.025" /><testcase classname="tests.test_codesigned_bounded_targets" name="test_qsvt_polynomial_validation_detects_overshoot" time="0.004" /><testcase classname="tests.test_codesigned_bounded_targets" name="test_weighted_support_fitting_reduces_weighted_error" time="0.005" /><testcase classname="tests.test_codesigned_bounded_targets" name="test_codesigned_summary_rows_have_required_columns" time="0.003" /><testcase classname="tests.test_codesigned_gate_validation" name="test_select_reads_deployable_feasible_configs_first" time="0.003" /><testcase classname="tests.test_codesigned_gate_validation" name="test_select_falls_back_to_diagnostic_when_feasible_empty" time="0.002" /><testcase classname="tests.test_codesigned_gate_validation" name="test_select_returns_none_when_both_empty" time="0.001" /><testcase classname="tests.test_codesigned_gate_validation" name="test_write_outputs_when_no_configs" time="0.020" /><testcase classname="tests.test_codesigned_subproblem_robustness" name="test_robustness_classification_follows_documented_rules" time="0.001" /><testcase classname="tests.test_codesigned_subproblem_robustness" name="test_robustness_excludes_control_and_uses_criteria_selection" time="0.000" /><testcase classname="tests.test_compound_structured_stress" name="test_compound_type_present_and_schema" time="0.095" /><testcase classname="tests.test_compound_structured_stress" name="test_random_missing_not_labelled_structured" time="0.097" /><testcase classname="tests.test_compound_structured_stress" name="test_weak_area_is_controlled_assumption" time="0.094" /><testcase classname="tests.test_convention_conversion_api" name="test_success_returns_metadata" time="0.009" /><testcase classname="tests.test_convention_conversion_api" name="test_reject_unknown_source" time="0.000" /><testcase classname="tests.test_convention_conversion_api" name="test_reject_unknown_target" time="0.000" /><testcase classname="tests.test_convention_conversion_api" name="test_reject_wrong_phase_count" time="0.000" /><testcase classname="tests.test_convention_conversion_api" name="test_reject_inconsistent_degree" time="0.000" /><testcase classname="tests.test_convention_conversion_api" name="test_reject_expected_count_mismatch" time="0.000" /><testcase classname="tests.test_convention_conversion_api" name="test_reject_double_conversion" time="0.000" /><testcase classname="tests.test_convention_conversion_api" name="test_reject_ambiguous_component" time="0.000" /><testcase classname="tests.test_convention_conversion_api" name="test_reject_wrong_sign" time="0.000" /><testcase classname="tests.test_convention_conversion_api" name="test_reject_even_degree" time="0.000" /><testcase classname="tests.test_convention_conversion_api" name="test_reject_missing_config_id" time="0.000" /><testcase classname="tests.test_convention_conversion_api" name="test_reject_non_finite_phases" time="0.000" /><testcase classname="tests.test_convention_conversion_api" name="test_predict_extraction[1-expected0]" time="0.000" /><testcase classname="tests.test_convention_conversion_api" name="test_predict_extraction[255-expected1]" time="0.000" /><testcase classname="tests.test_convention_identity_and_global_phase" name="test_pi_over_2_offset_identity_for_arbitrary_phases[0-1]" time="0.001" /><testcase classname="tests.test_convention_identity_and_global_phase" name="test_pi_over_2_offset_identity_for_arbitrary_phases[0-3]" time="0.065" /><testcase classname="tests.test_convention_identity_and_global_phase" name="test_pi_over_2_offset_identity_for_arbitrary_phases[0-5]" time="0.001" /><testcase classname="tests.test_convention_identity_and_global_phase" name="test_pi_over_2_offset_identity_for_arbitrary_phases[0-7]" time="0.001" /><testcase classname="tests.test_convention_identity_and_global_phase" name="test_pi_over_2_offset_identity_for_arbitrary_phases[0-9]" time="0.001" /><testcase classname="tests.test_convention_identity_and_global_phase" name="test_pi_over_2_offset_identity_for_arbitrary_phases[0-11]" time="0.001" /><testcase classname="tests.test_convention_identity_and_global_phase" name="test_pi_over_2_offset_identity_for_arbitrary_phases[1-1]" time="0.000" /><testcase classname="tests.test_convention_identity_and_global_phase" name="test_pi_over_2_offset_identity_for_arbitrary_phases[1-3]" time="0.001" /><testcase classname="tests.test_convention_identity_and_global_phase" name="test_pi_over_2_offset_identity_for_arbitrary_phases[1-5]" time="0.001" /><testcase classname="tests.test_convention_identity_and_global_phase" name="test_pi_over_2_offset_identity_for_arbitrary_phases[1-7]" time="0.001" /><testcase classname="tests.test_convention_identity_and_global_phase" name="test_pi_over_2_offset_identity_for_arbitrary_phases[1-9]" time="0.001" /><testcase classname="tests.test_convention_identity_and_global_phase" name="test_pi_over_2_offset_identity_for_arbitrary_phases[1-11]" time="0.001" /><testcase classname="tests.test_convention_identity_and_global_phase" name="test_pi_over_2_offset_identity_for_arbitrary_phases[2-1]" time="0.000" /><testcase classname="tests.test_convention_identity_and_global_phase" name="test_pi_over_2_offset_identity_for_arbitrary_phases[2-3]" time="0.000" /><testcase classname="tests.test_convention_identity_and_global_phase" name="test_pi_over_2_offset_identity_for_arbitrary_phases[2-5]" time="0.001" /><testcase classname="tests.test_convention_identity_and_global_phase" name="test_pi_over_2_offset_identity_for_arbitrary_phases[2-7]" time="0.001" /><testcase classname="tests.test_convention_identity_and_global_phase" name="test_pi_over_2_offset_identity_for_arbitrary_phases[2-9]" time="0.001" /><testcase classname="tests.test_convention_identity_and_global_phase" name="test_pi_over_2_offset_identity_for_arbitrary_phases[2-11]" time="0.001" /><testcase classname="tests.test_convention_identity_and_global_phase" name="test_sign_rule_matches_i_power[1]" time="0.000" /><testcase classname="tests.test_convention_identity_and_global_phase" name="test_sign_rule_matches_i_power[3]" time="0.000" /><testcase classname="tests.test_convention_identity_and_global_phase" name="test_sign_rule_matches_i_power[5]" time="0.000" /><testcase classname="tests.test_convention_identity_and_global_phase" name="test_sign_rule_matches_i_power[7]" time="0.000" /><testcase classname="tests.test_convention_identity_and_global_phase" name="test_phase_two_pi_periodicity[3]" time="0.000" /><testcase classname="tests.test_convention_identity_and_global_phase" name="test_phase_two_pi_periodicity[5]" time="0.000" /><testcase classname="tests.test_convention_identity_and_global_phase" name="test_residual_state_global_phase_equivariance" time="0.000" /><testcase classname="tests.test_cost_accuracy_tradeoff" name="test_cost_rows_use_real_gate_query_count" time="0.001" /><testcase classname="tests.test_cost_accuracy_tradeoff" name="test_postselection_overhead_included" time="0.000" /><testcase classname="tests.test_cost_accuracy_tradeoff" name="test_no_speedup_claim_in_notes" time="0.000" /><testcase classname="tests.test_cost_accuracy_tradeoff" name="test_cost_figure_rows_nonnegative" time="0.000" /><testcase classname="tests.test_cross_case_codesigned_robustness" name="test_classify_case_follows_documented_rules" time="0.001" /><testcase classname="tests.test_cross_case_codesigned_robustness" name="test_cross_case_classification_requires_transfer_and_uses_criteria_modes" time="0.001" /><testcase classname="tests.test_cross_case_codesigned_robustness" name="test_worst_conditioned_control_never_marked_for_gate_validation" time="0.000" /><testcase classname="tests.test_cross_case_gate_observable_readout" name="test_successful_gate_rows_keeps_only_completed" time="0.000" /><testcase classname="tests.test_cross_case_gate_observable_readout" name="test_full_vector_reconstruction_is_excluded" time="0.000" /><testcase classname="tests.test_cross_case_gate_observable_readout" name="test_outputs_written_and_columns_present" time="0.019" /><testcase classname="tests.test_cross_case_gate_validation" name="test_selection_covers_cross_cases_and_excludes_control" time="0.004" /><testcase classname="tests.test_cross_case_gate_validation" name="test_selection_respects_max_configs_and_reads_only_candidates" time="0.003" /><testcase classname="tests.test_cross_case_gate_validation" name="test_surviving_cases_reads_feasibility_flag" time="0.001" /><testcase classname="tests.test_cross_case_gate_validation" name="test_gate_columns_include_required_and_indices" time="0.000" /><testcase classname="tests.test_cross_case_solver_audit" name="test_audit_identifies_reusable_cross_case_components" time="0.001" /><testcase classname="tests.test_cross_case_solver_audit" name="test_audit_writes_outputs_and_marks_cross_case_cases" time="0.306" /><testcase classname="tests.test_cross_case_solver_audit" name="test_audit_preserves_criteria_only_selection_modes" time="0.000" /><testcase classname="tests.test_cross_case_validation_core" name="test_ieee30_block_is_deterministic_and_outcome_independent" time="0.001" /><testcase classname="tests.test_cross_case_validation_core" name="test_column_local_to_global_mapping_is_consistent" time="0.000" /><testcase classname="tests.test_cross_case_validation_core" name="test_representable_branches_are_real_network_branches" time="0.000" /><testcase classname="tests.test_cross_case_validation_core" name="test_connected_area_verification_matches_topology" time="0.001" /><testcase classname="tests.test_cross_case_validation_core" name="test_ieee14_8x8_reproduces_frozen_small_design" time="0.010" /><testcase classname="tests.test_cross_case_validation_core" name="test_ieee14_residual_matches_frozen_controlled_residual" time="0.019" /><testcase classname="tests.test_cross_case_validation_core" name="test_sensitivity_scores_match_core_aggregate_on_legacy_tasks" time="0.010" /><testcase classname="tests.test_cross_case_validation_core" name="test_score_construction_rejects_heldout_tasks" time="0.046" /><testcase classname="tests.test_cross_case_validation_core" name="test_four_quadrant_classification_is_correct" time="0.000" /><testcase classname="tests.test_cross_case_validation_core" name="test_cost_model_matches_declared_formula" time="0.000" /><testcase classname="tests.test_cross_case_validation_core" name="test_cost_model_infinite_when_postselection_zero" time="0.000" /><testcase classname="tests.test_cross_case_validation_core" name="test_infeasible_and_skipped_rows_are_retained" time="0.248" /><testcase classname="tests.test_dc_linear_model" name="test_ieee14_dc_branch_flow_row_uses_slack_reference" time="0.000" /><testcase classname="tests.test_dc_linear_model" name="test_ieee14_dc_weighted_system_is_finite_and_structured" time="0.001" /><testcase classname="tests.test_dc_linear_model" name="test_dc_config_validation_and_smoke_run" time="0.010" /><testcase classname="tests.test_dc_warm_start_initializer" name="test_dc_warm_start_does_not_use_true_state" time="0.005" /><testcase classname="tests.test_dc_warm_start_initializer" name="test_dc_warm_start_state_shape_and_flat_voltages" time="0.006" /><testcase classname="tests.test_dc_warm_start_initializer" name="test_dc_warm_start_beats_flat_start_initial_rmse" time="0.006" /><testcase classname="tests.test_dc_warm_start_initializer" name="test_dc_warm_start_computed_and_converges" time="0.124" /><testcase classname="tests.test_dc_warm_start_initializer" name="test_dc_warm_start_run_records_convergence" time="0.080" /><testcase classname="tests.test_dc_warm_start_scope_note" name="test_dc_warm_start_does_not_use_true_state" time="0.019" /><testcase classname="tests.test_dc_warm_start_scope_note" name="test_dc_warm_start_is_not_operational_ems" time="0.018" /><testcase classname="tests.test_dc_warm_start_scope_note" name="test_scope_note_has_required_wording" time="0.017" /><testcase classname="tests.test_dc_warm_start_scope_note" name="test_scope_note_is_claim_safe" time="0.036" /><testcase classname="tests.test_dc_warm_start_scope_note" name="test_no_initializer_is_operational_ems" time="0.022" /><testcase classname="tests.test_degree255_resource_ledger" name="test_degree255_resource_ledger" time="0.001" /><testcase classname="tests.test_degree_47_49_diagnostic" name="test_diagnostic_cell_is_diagnostic_only" time="6.616" /><testcase classname="tests.test_degree_47_49_diagnostic" name="test_diagnostic_cell_records_phase_and_gate" time="6.717" /><testcase classname="tests.test_degree_47_49_diagnostic" name="test_diagnostic_cell_marks_missing_gate" time="6.729" /><testcase classname="tests.test_degree_47_49_diagnostic" name="test_degree_ceiling_label_phase_synthesis" time="0.000" /><testcase classname="tests.test_degree_47_49_diagnostic" name="test_degree_ceiling_label_overshoot" time="0.000" /><testcase classname="tests.test_degree_47_49_diagnostic" name="test_degree_ceiling_label_helpful" time="0.000" /><testcase classname="tests.test_degree_47_49_diagnostic" name="test_degree_ceiling_summary" time="14.243" /><testcase classname="tests.test_degree_aware_alpha" name="test_grid_and_summary_columns" time="0.626" /><testcase classname="tests.test_degree_aware_alpha" name="test_selected_rows_satisfy_degree_budget" time="0.002" /><testcase classname="tests.test_degree_aware_alpha" name="test_degree_aware_rule_only_picks_budget_feasible_alpha" time="0.001" /><testcase classname="tests.test_degree_aware_alpha" name="test_best_classical_can_exceed_budget_while_degree_aware_feasible" time="0.001" /><testcase classname="tests.test_degree_aware_alpha" name="test_smaller_alpha_is_degree_cheaper_under_bounded_convention" time="0.002" /><testcase classname="tests.test_degree_aware_alpha" name="test_report_is_claim_safe" time="0.001" /><testcase classname="tests.test_degree_control_audit" name="test_degree_control_audit_reports_requested_constructed_and_effective" time="0.002" /><testcase classname="tests.test_degree_control_audit" name="test_degree_control_audit_detects_fallback_metadata" time="0.002" /><testcase classname="tests.test_degree_control_audit" name="test_degree_control_outputs_include_required_audit_files" time="0.019" /><testcase classname="tests.test_degree_window_gate_validation" name="test_select_reads_configs_from_feasible_degree_window" time="0.005" /><testcase classname="tests.test_degree_window_gate_validation" name="test_select_returns_empty_for_empty_input" time="0.000" /><testcase classname="tests.test_degree_window_gate_validation" name="test_write_outputs_when_no_results" time="0.020" /><testcase classname="tests.test_degree_window_overshoot" name="test_detect_overshoot_catches_bound_break_and_direction_blowup" time="0.000" /><testcase classname="tests.test_degree_window_overshoot" name="test_degree_window_classification_is_deterministic" time="0.050" /><testcase classname="tests.test_degree_window_overshoot" name="test_feasible_rows_are_marked_for_gate_validation" time="0.013" /><testcase classname="tests.test_dense_explicit_limit_study_v2" name="test_dense_limit_study_v2_separates_raw_and_transpiled_resources" time="0.227" /><testcase classname="tests.test_dense_explicit_qsvt_solver_limit" name="test_dense_limit_study_handles_size_failure_gracefully" time="0.003" /><testcase classname="tests.test_direction_resolved_overshoot_decomposition" name="test_decomposition_produces_per_direction_rows" time="0.009" /><testcase classname="tests.test_direction_resolved_overshoot_decomposition" name="test_degree_45_vs_47_transition_is_represented" time="0.016" /><testcase classname="tests.test_direction_resolved_overshoot_decomposition" name="test_dominant_failure_direction_is_deterministic" time="0.052" /><testcase classname="tests.test_direction_resolved_overshoot_decomposition" name="test_classify_failure_mechanism_labels" time="0.000" /><testcase classname="tests.test_error_budget_decomposition" name="test_error_budget_keeps_deterministic_and_statistical_sources_separate" time="0.000" /><testcase classname="tests.test_estimators" name="test_estimators_recover_known_full_rank_system" time="0.001" /><testcase classname="tests.test_estimators" name="test_regularized_estimators_do_not_explode_on_tiny_singular_value" time="0.001" /><testcase classname="tests.test_estimators" name="test_truncated_svd_removes_unstable_small_direction" time="0.000" /><testcase classname="tests.test_estimators" name="test_normal_equation_records_squared_condition_number" time="0.000" /><testcase classname="tests.test_estimators" name="test_normal_equation_can_fail_where_svd_pseudoinverse_succeeds" time="0.000" /><testcase classname="tests.test_estimators" name="test_normal_equation_records_failure_on_singular_gain" time="0.000" /><testcase classname="tests.test_estimators" name="test_hhl_style_proxy_reports_resource_and_instability" time="0.000" /><testcase classname="tests.test_estimators" name="test_weighted_system_shape_validation" time="0.000" /><testcase classname="tests.test_executed_postselection_mitigation" name="test_executed_case_present" time="0.002" /><testcase classname="tests.test_executed_postselection_mitigation" name="test_executed_case_runs_on_aer" time="0.001" /><testcase classname="tests.test_executed_postselection_mitigation" name="test_modeled_ieee14_never_labeled_executed" time="0.002" /><testcase classname="tests.test_executed_postselection_mitigation" name="test_executed_mlae_accurate" time="0.001" /><testcase classname="tests.test_filters" name="test_qsvt_regularized_filter_matches_target_formula" time="0.000" /><testcase classname="tests.test_filters" name="test_ridge_filter_controls_small_singular_values" time="0.000" /><testcase classname="tests.test_filters" name="test_truncated_inverse_filter_zeros_values_below_tau" time="0.000" /><testcase classname="tests.test_filters" name="test_inverse_filter_uses_absolute_cutoff" time="0.000" /><testcase classname="tests.test_filters" name="test_qsvt_unregularized_inverse_filter_grows_as_sigma_decreases" time="0.000" /><testcase classname="tests.test_filters" name="test_qsvt_unregularized_inverse_filter_cutoff_prevents_infinities" time="0.000" /><testcase classname="tests.test_filters" name="test_invalid_filter_parameters_raise[ridge_filter-kwargs0]" time="0.000" /><testcase classname="tests.test_filters" name="test_invalid_filter_parameters_raise[qsvt_regularized_filter-kwargs1]" time="0.000" /><testcase classname="tests.test_filters" name="test_invalid_filter_parameters_raise[qsvt_unregularized_inverse_filter-kwargs2]" time="0.000" /><testcase classname="tests.test_filters" name="test_invalid_filter_parameters_raise[truncated_inverse_filter-kwargs3]" time="0.000" /><testcase classname="tests.test_filters" name="test_invalid_filter_parameters_raise[inverse_filter-kwargs4]" time="0.000" /><testcase classname="tests.test_filters" name="test_negative_singular_values_raise" time="0.000" /><testcase classname="tests.test_final_application_reproduction" name="test_final_application_reproduction" time="0.001" /><testcase classname="tests.test_final_classical_baselines" name="test_final_classical_baselines" time="0.001" /><testcase classname="tests.test_final_error_budget" name="test_final_error_budget" time="0.001" /><testcase classname="tests.test_final_evidence_claim_guards" name="test_generated_claim_guard_report_passes" time="0.001" /><testcase classname="tests.test_final_evidence_claim_guards" name="test_positive_prohibited_claim_fails_and_negative_statement_passes" time="0.003" /><testcase classname="tests.test_final_evidence_conditioning" name="test_conditioning_formulas_and_rank_thresholds" time="0.003" /><testcase classname="tests.test_final_evidence_conditioning" name="test_ridge_solve_residual_definition" time="0.000" /><testcase classname="tests.test_final_evidence_conditioning_guards" name="test_conditioning_labels_are_never_conflated" time="0.002" /><testcase classname="tests.test_final_evidence_conditioning_guards" name="test_interpretation_hazards_are_resolved_not_hidden" time="0.001" /><testcase classname="tests.test_final_evidence_dependency_graph" name="test_dependency_graph_has_no_broken_or_orphan_nodes" time="0.074" /><testcase classname="tests.test_final_evidence_dependency_graph" name="test_qsvt_finite_shot_and_resource_dependencies_are_explicit" time="0.048" /><testcase classname="tests.test_final_evidence_headline_checks" name="test_every_headline_check_passes" time="0.002" /><testcase classname="tests.test_final_evidence_headline_checks" name="test_primary_counts_and_qsvt_subset_recompute" time="0.001" /><testcase classname="tests.test_final_evidence_headline_checks" name="test_finite_shot_and_ieee57_aggregate_weakness_remain_visible" time="0.010" /><testcase classname="tests.test_final_evidence_limitations" name="test_required_limitation_registry_is_complete_and_resolved" time="0.021" /><testcase classname="tests.test_final_evidence_near_zero" name="test_near_zero_audit_retains_every_primary_task" time="0.010" /><testcase classname="tests.test_final_evidence_near_zero" name="test_near_zero_and_non_near_zero_summaries_are_separate" time="0.002" /><testcase classname="tests.test_final_evidence_result_registry" name="test_eligible_results_have_provenance_and_superseded_summary_is_excluded" time="0.009" /><testcase classname="tests.test_final_evidence_tie_diagnostics" name="test_tie_classification_precedence_is_deterministic" time="0.000" /><testcase classname="tests.test_final_evidence_tie_diagnostics" name="test_frozen_primary_result_and_all_tie_causes_are_retained" time="0.001" /><testcase classname="tests.test_final_qsvt_claim_safety_audit" name="test_final_claim_safety_audit_classifies_contexts" time="0.024" /><testcase classname="tests.test_final_quantum_reproduction" name="test_final_quantum_reproduction" time="0.001" /><testcase classname="tests.test_final_readout_estimator" name="test_final_readout_estimator" time="0.001" /><testcase classname="tests.test_final_statistical_aggregation" name="test_aggregation_statistics_are_correct_on_synthetic_data" time="0.066" /><testcase classname="tests.test_final_statistical_aggregation" name="test_missing_source_artifacts_are_recorded_in_manifest" time="0.066" /><testcase classname="tests.test_final_statistical_aggregation" name="test_single_seed_standard_deviation_is_handled_honestly" time="0.064" /><testcase classname="tests.test_final_statistical_aggregation" name="test_runtime_limited_rows_are_counted" time="0.063" /><testcase classname="tests.test_final_statistical_aggregation" name="test_qsvt_target_is_not_reported_as_outperforming_ridge" time="0.063" /><testcase classname="tests.test_final_statistical_aggregation" name="test_summary_files_are_generated_with_required_columns" time="0.070" /><testcase classname="tests.test_ft_resource_estimate" name="test_ross_selinger_leading_order_formula" time="0.000" /><testcase classname="tests.test_ft_resource_estimate" name="test_rz_angle_classification_is_exact" time="0.000" /><testcase classname="tests.test_ft_resource_estimate" name="test_ft_estimate_record_arithmetic_reproducible" time="0.000" /><testcase classname="tests.test_ft_resource_estimate" name="test_generated_rows_are_internally_consistent" time="0.000"><skipped type="pytest.skip" message="estimate not yet generated"><repo-root>/tests/test_ft_resource_estimate.py:87: estimate not yet generated</skipped></testcase><testcase classname="tests.test_ft_resource_estimate" name="test_generated_rows_match_frozen_ledger_identities" time="0.000"><skipped type="pytest.skip" message="estimate not yet generated"><repo-root>/tests/test_ft_resource_estimate.py:109: estimate not yet generated</skipped></testcase><testcase classname="tests.test_full_alpha_sweep_classical" name="test_only_traceable_alpha_values" time="0.068" /><testcase classname="tests.test_full_alpha_sweep_classical" name="test_best_alpha_is_diagnostic_only" time="0.065" /><testcase classname="tests.test_full_alpha_sweep_classical" name="test_qsvt_equals_ridge_for_matched_alpha" time="0.069" /><testcase classname="tests.test_full_matrix_qsvt_demo" name="test_normalized_target_scales_back_to_original_ridge_filter" time="0.000" /><testcase classname="tests.test_full_matrix_qsvt_demo" name="test_full_matrix_qsvt_demo_writes_outputs_and_validates_matrix_level" time="0.421" /><testcase classname="tests.test_full_matrix_qsvt_runner" name="test_full_matrix_qsvt_runner_writes_feasibility_and_artifacts" time="0.507" /><testcase classname="tests.test_full_qsvt_ieee_report" name="test_full_engineering_report_fails_clearly_when_inputs_missing" time="0.001" /><testcase classname="tests.test_full_qsvt_ieee_report" name="test_hardware_resource_estimator_reports_expected_counts" time="0.001" /><testcase classname="tests.test_full_rectangular_breakthrough" name="test_target_configuration_fingerprint" time="0.001" /><testcase classname="tests.test_full_rectangular_breakthrough" name="test_polynomial_independent_evaluators" time="0.001" /><testcase classname="tests.test_full_rectangular_breakthrough" name="test_polynomial_global_boundedness" time="0.000" /><testcase classname="tests.test_full_rectangular_breakthrough" name="test_polynomial_zero_and_parity" time="0.000" /><testcase classname="tests.test_full_rectangular_breakthrough" name="test_polynomial_contraction_recovery" time="0.001" /><testcase classname="tests.test_full_rectangular_breakthrough" name="test_phase_convention_reconstruction" time="0.001" /><testcase classname="tests.test_full_rectangular_breakthrough" name="test_diagonal_singular_value_qsvt" time="0.001" /><testcase classname="tests.test_full_rectangular_breakthrough" name="test_padded_zero_modes" time="0.000" /><testcase classname="tests.test_full_rectangular_breakthrough" name="test_small_rectangular_qsvt" time="0.001" /><testcase classname="tests.test_full_rectangular_breakthrough" name="test_left_right_projectors" time="0.001" /><testcase classname="tests.test_full_rectangular_breakthrough" name="test_exact_svd_full_rectangular" time="0.000" /><testcase classname="tests.test_full_rectangular_breakthrough" name="test_production_block_encoding_against_svd" time="0.001" /><testcase classname="tests.test_full_rectangular_breakthrough" name="test_full_ieee14_useful_lambda_statevector" time="0.000" /><testcase classname="tests.test_full_rectangular_breakthrough" name="test_backend_useful_lambda_not_distribution_sampling" time="0.000" /><testcase classname="tests.test_full_rectangular_breakthrough" name="test_postselection_effective_samples" time="0.000" /><testcase classname="tests.test_full_rectangular_breakthrough" name="test_postselection_mitigation" time="0.000" /><testcase classname="tests.test_full_rectangular_selected_output" name="test_full_rectangular_weighted_dimensions_and_regularization_conversion" time="0.001" /><testcase classname="tests.test_full_repo_evidence_audit" name="test_full_repo_audit_writes_required_outputs_and_mirror" time="0.206" /><testcase classname="tests.test_full_repo_evidence_audit" name="test_full_repo_audit_blocker_drives_validator_failure" time="0.232" /><testcase classname="tests.test_full_repo_evidence_audit" name="test_canonical_numbers_include_full_repo_audit" time="0.206" /><testcase classname="tests.test_full_vector_gate_level_readout" name="test_gate_level_method_is_distinct_from_exact_target" time="0.002" /><testcase classname="tests.test_full_vector_gate_level_readout" name="test_gate_rows_require_a_gate_update_not_exact_target_alone" time="0.001" /><testcase classname="tests.test_full_vector_gate_level_readout" name="test_gate_vs_exact_target_consistent_with_gate_vs_ridge" time="0.001" /><testcase classname="tests.test_full_vector_gate_level_readout" name="test_missing_gate_level_statevector_recorded_not_substituted" time="0.000" /><testcase classname="tests.test_full_vector_gate_level_readout" name="test_gate_summary_reports_availability_and_errors" time="0.001" /><testcase classname="tests.test_full_vector_readout" name="test_statevector_reconstructs_known_vector_exactly" time="0.001" /><testcase classname="tests.test_full_vector_readout" name="test_qsvt_target_equals_ridge_for_matched_alpha" time="0.002" /><testcase classname="tests.test_full_vector_readout" name="test_run_full_vector_readout_reconstructs_selected_subproblems" time="0.080" /><testcase classname="tests.test_full_vector_readout" name="test_run_records_missing_combinations_honestly" time="0.067" /><testcase classname="tests.test_full_vector_readout_sampling" name="test_sampling_estimates_probabilities_on_synthetic_state" time="0.000" /><testcase classname="tests.test_full_vector_readout_sampling" name="test_sampling_error_decreases_with_shots" time="0.001" /><testcase classname="tests.test_full_vector_readout_sampling" name="test_small_probability_flag_marks_tiny_coordinates" time="0.000" /><testcase classname="tests.test_full_vector_scaling_audit" name="test_scaling_chain_recovers_norm_with_matched_alpha" time="0.001" /><testcase classname="tests.test_full_vector_scaling_audit" name="test_scaling_audit_fails_when_constant_C_missing" time="0.001" /><testcase classname="tests.test_full_vector_scaling_audit" name="test_ridge_comparison_uses_matched_alpha" time="0.001" /><testcase classname="tests.test_full_vector_sign_recovery" name="test_sign_recovery_all_positive" time="0.000" /><testcase classname="tests.test_full_vector_sign_recovery" name="test_sign_recovery_mixed_sign" time="0.000" /><testcase classname="tests.test_full_vector_sign_recovery" name="test_near_zero_coordinate_marked_unreliable" time="0.000" /><testcase classname="tests.test_full_vector_sign_recovery" name="test_unstable_reference_is_flagged" time="0.000" /><testcase classname="tests.test_full_vector_sign_recovery" name="test_default_reference_is_largest_coordinate" time="0.000" /><testcase classname="tests.test_full_vector_total_cost_model" name="test_total_equals_component_sum_times_overhead" time="0.000" /><testcase classname="tests.test_full_vector_total_cost_model" name="test_full_vector_protocol_is_at_least_linear_and_not_speedup_preserving" time="0.000" /><testcase classname="tests.test_full_vector_total_cost_model" name="test_observable_first_is_output_sparse_alternative" time="0.000" /><testcase classname="tests.test_full_vector_total_cost_model" name="test_total_cost_increases_with_dimension" time="0.000" /><testcase classname="tests.test_gap_closing_audit" name="test_triage_partitions_and_columns" time="0.030" /><testcase classname="tests.test_gap_closing_audit" name="test_overclaims_must_remain_missing" time="0.027" /><testcase classname="tests.test_gap_closing_audit" name="test_per_type_ablation_routed_to_fast_run" time="0.027" /><testcase classname="tests.test_gate_level_qsvt" name="test_projector_controlled_phase_matches_pennylane_pcphase_convention" time="0.000" /><testcase classname="tests.test_gate_level_qsvt" name="test_structured_qsvt_circuit_matches_pennylane_qsvt_matrix" time="0.002" /><testcase classname="tests.test_gate_level_qsvt" name="test_qsvt_operation_counts_separate_signal_calls_and_phases" time="0.000" /><testcase classname="tests.test_gate_level_qsvt" name="test_gate_level_qsvt_demo_writes_required_outputs" time="0.190" /><testcase classname="tests.test_gate_level_qsvt_convention" name="test_gate_level_qsvt_convention_debug_writes_required_outputs" time="0.070" /><testcase classname="tests.test_gate_level_state_estimation_solver" name="test_tiny_gate_level_solver_reduces_weighted_residual" time="0.075" /><testcase classname="tests.test_gate_level_state_estimation_solver" name="test_tiny_solver_writes_required_outputs" time="0.086" /><testcase classname="tests.test_gate_level_state_estimation_solver" name="test_ieee14_subproblem_extraction_is_deterministic" time="0.020" /><testcase classname="tests.test_gate_level_state_estimation_solver" name="test_ieee14_solver_writes_qasm_and_required_fields" time="0.279" /><testcase classname="tests.test_gate_observable_readout" name="test_gate_observable_readout_does_not_emphasize_full_vector" time="0.011" /><testcase classname="tests.test_gate_observable_readout" name="test_topk_jaccard_is_deterministic_and_exact_for_identical_vectors" time="0.000" /><testcase classname="tests.test_gate_state_preparation" name="test_normalize_and_pad_for_gate_preparation" time="0.000" /><testcase classname="tests.test_gate_state_preparation" name="test_initialize_circuit_prepares_target_state" time="0.001" /><testcase classname="tests.test_gate_validation_with_amplitude_recovery" name="test_selection_prefers_feasible_then_diagnostic_then_closest" time="0.005" /><testcase classname="tests.test_gate_validation_with_amplitude_recovery" name="test_run_reads_configs_and_writes_columns" time="0.026" /><testcase classname="tests.test_gate_validation_with_amplitude_recovery" name="test_empty_inputs_produce_no_validation" time="0.019" /><testcase classname="tests.test_generalization_certificates" name="test_certificate_formula_is_unchanged_and_does_not_accept_actual_error" time="0.001" /><testcase classname="tests.test_generalization_certificates" name="test_certificate_case_summary_has_zero_violations" time="0.003" /><testcase classname="tests.test_generalization_data_isolation" name="test_training_and_heldout_residuals_are_disjoint_per_instance" time="0.009" /><testcase classname="tests.test_generalization_data_isolation" name="test_heldout_never_enters_scoring_or_refinement" time="0.100" /><testcase classname="tests.test_generalization_data_isolation" name="test_instance_inclusion_precedes_support_evaluation" time="0.001" /><testcase classname="tests.test_generalization_data_isolation" name="test_qsvt_instance_subset_is_explicitly_predeclared" time="0.000" /><testcase classname="tests.test_generalization_data_isolation" name="test_functionals_are_deterministic_and_metadata_grounded" time="0.002" /><testcase classname="tests.test_generalization_frozen_configuration" name="test_frozen_configuration_fingerprint_is_immutable" time="0.001" /><testcase classname="tests.test_generalization_frozen_configuration" name="test_no_case_specific_retuning_fields_exist" time="0.000" /><testcase classname="tests.test_generalization_instance_registry" name="test_instance_ids_and_coverage_extraction_are_deterministic" time="0.000" /><testcase classname="tests.test_generalization_instance_registry" name="test_primary_registry_excludes_development_block_and_represents_cases" time="0.002" /><testcase classname="tests.test_generalization_pareto" name="test_equal_cost_lower_error_dominates_and_construction_is_deterministic" time="0.007" /><testcase classname="tests.test_generalization_pareto" name="test_campaign_pareto_uses_normalized_not_signed_error_and_retains_candidates" time="0.082" /><testcase classname="tests.test_generalization_pareto" name="test_missing_gate_costs_are_not_zero_and_complete_registry_is_retained" time="0.033" /><testcase classname="tests.test_generalization_qsvt" name="test_common_design_registry_matches_predeclared_instances" time="0.001" /><testcase classname="tests.test_generalization_qsvt" name="test_supports_within_instance_share_common_parameters_and_phases" time="0.005" /><testcase classname="tests.test_generalization_qsvt" name="test_qsvt_uses_same_sparse_matrix_and_separates_errors" time="0.002" /><testcase classname="tests.test_generalization_resources" name="test_resource_registry_uses_actual_wrapper_circuits" time="0.020" /><testcase classname="tests.test_generalization_resources" name="test_resource_and_support_fingerprints_match" time="0.106" /><testcase classname="tests.test_generalization_resources" name="test_gate_counts_are_not_substituted_by_nonzero_counts" time="0.015" /><testcase classname="tests.test_generalization_selector_evaluation" name="test_small_support_selection_is_deterministic_and_constrained" time="0.016" /><testcase classname="tests.test_generalization_selector_evaluation" name="test_fixed_seed_random_objective_reproduces" time="0.011" /><testcase classname="tests.test_generalization_selector_evaluation" name="test_infeasible_budget_is_retained_as_failure" time="0.000" /><testcase classname="tests.test_generalization_statistics" name="test_win_tie_loss_uses_declared_relative_tolerance" time="0.000" /><testcase classname="tests.test_generalization_statistics" name="test_bootstrap_resamples_instances_and_is_deterministic" time="0.001" /><testcase classname="tests.test_generalization_statistics" name="test_primary_comparison_and_case_counts_are_frozen_and_reconcile" time="0.007" /><testcase classname="tests.test_generalization_support_stability" name="test_jaccard_handles_identical_disjoint_and_empty_supports" time="0.000" /><testcase classname="tests.test_generalization_support_stability" name="test_training_subset_schedule_is_predeclared_and_used" time="0.003" /><testcase classname="tests.test_generalization_support_stability" name="test_magnitude_stability_is_one_and_summary_handles_relations" time="0.003" /><testcase classname="tests.test_generalized_error_budget" name="test_budget_has_all_sources" time="0.001" /><testcase classname="tests.test_generalized_error_budget" name="test_application_and_implementation_separated" time="0.001" /><testcase classname="tests.test_generalized_error_budget" name="test_convention_errors_at_machine_precision" time="0.001" /><testcase classname="tests.test_generalized_error_budget" name="test_dominant_error_is_approximation_not_convention" time="0.001" /><testcase classname="tests.test_generalized_resource_ledger" name="test_ledger_has_all_categories" time="0.001" /><testcase classname="tests.test_generalized_resource_ledger" name="test_executed_qubits_present" time="0.001" /><testcase classname="tests.test_generalized_resource_ledger" name="test_modeled_not_mislabeled" time="0.001" /><testcase classname="tests.test_generalized_resource_ledger" name="test_excluded_categories_listed" time="0.001" /><testcase classname="tests.test_generic_sparse_qsvt_artifacts" name="test_canonical_reproduction_registry_has_no_mismatch" time="0.001" /><testcase classname="tests.test_generic_sparse_qsvt_artifacts" name="test_shot_grids_retain_every_budget_seed_functional_and_near_zero_output" time="0.004" /><testcase classname="tests.test_generic_sparse_qsvt_artifacts" name="test_second_shot_absolute_error_converges_descriptively" time="0.002" /><testcase classname="tests.test_generic_sparse_qsvt_artifacts" name="test_resource_rows_come_from_final_compiler_circuits" time="0.003" /><testcase classname="tests.test_generic_sparse_qsvt_artifacts" name="test_scaling_rows_use_compiled_statuses_and_retain_failures" time="0.006" /><testcase classname="tests.test_generic_sparse_qsvt_compiler" name="test_valid_in_memory_configuration_compiles_without_repository_state" time="0.442" /><testcase classname="tests.test_generic_sparse_qsvt_compiler" name="test_workload_ids_and_hashes_are_deterministic" time="0.696" /><testcase classname="tests.test_generic_sparse_qsvt_compiler" name="test_multiple_value_precisions_compile[4]" time="0.422" /><testcase classname="tests.test_generic_sparse_qsvt_compiler" name="test_multiple_value_precisions_compile[6]" time="0.339" /><testcase classname="tests.test_generic_sparse_qsvt_compiler" name="test_multiple_value_precisions_compile[8]" time="0.348" /><testcase classname="tests.test_generic_sparse_qsvt_compiler" name="test_generic_square_matrices_cover_repeated_zero_negative_and_unequal_degree[matrix0-1]" time="0.056" /><testcase classname="tests.test_generic_sparse_qsvt_compiler" name="test_generic_square_matrices_cover_repeated_zero_negative_and_unequal_degree[matrix1-2]" time="0.114" /><testcase classname="tests.test_generic_sparse_qsvt_compiler" name="test_generic_square_matrices_cover_repeated_zero_negative_and_unequal_degree[matrix2-1]" time="0.267" /><testcase classname="tests.test_generic_sparse_qsvt_compiler" name="test_rectangular_inputs_are_explicitly_rejected[shape0]" time="0.000" /><testcase classname="tests.test_generic_sparse_qsvt_compiler" name="test_rectangular_inputs_are_explicitly_rejected[shape1]" time="0.000" /><testcase classname="tests.test_generic_sparse_qsvt_compiler" name="test_duplicate_support_is_structured_failure" time="0.000" /><testcase classname="tests.test_generic_sparse_qsvt_compiler" name="test_out_of_bounds_support_is_structured_failure" time="0.000" /><testcase classname="tests.test_generic_sparse_qsvt_compiler" name="test_slot_overflow_is_structured_failure" time="0.000" /><testcase classname="tests.test_generic_sparse_qsvt_compiler" name="test_complex_matrix_is_structured_failure" time="0.000" /><testcase classname="tests.test_generic_sparse_qsvt_compiler" name="test_nonfinite_matrix_is_structured_failure" time="0.000" /><testcase classname="tests.test_generic_sparse_qsvt_compiler" name="test_unsupported_quantization_is_structured_failure" time="0.000" /><testcase classname="tests.test_generic_sparse_qsvt_compiler" name="test_invalid_phase_count_is_structured_failure" time="0.000" /><testcase classname="tests.test_generic_sparse_qsvt_compiler" name="test_degree_parity_mismatch_is_structured_failure" time="0.000" /><testcase classname="tests.test_generic_sparse_qsvt_compiler" name="test_missing_uncomputation_is_structured_failure" time="0.000" /><testcase classname="tests.test_generic_sparse_qsvt_compiler" name="test_zero_residual_is_structured_failure" time="0.000" /><testcase classname="tests.test_generic_sparse_qsvt_compiler" name="test_incompatible_functional_dimension_is_structured_failure" time="0.000" /><testcase classname="tests.test_generic_sparse_qsvt_compiler" name="test_register_collision_is_structured_failure" time="0.162" /><testcase classname="tests.test_generic_sparse_qsvt_compiler" name="test_compiler_source_has_no_workload_registry_or_frozen_paths" time="0.001" /><testcase classname="tests.test_generic_sparse_qsvt_compiler" name="test_sparse_lookup_sign_quantization_and_slot_permutations" time="2.166" /><testcase classname="tests.test_generic_sparse_qsvt_compiler" name="test_wrapper_inverse_uncomputes_every_basis_state" time="0.000" /><testcase classname="tests.test_generic_sparse_qsvt_compiler" name="test_canonical_hashes_and_integer_resources_reproduce" time="4.115" /><testcase classname="tests.test_generic_sparse_qsvt_compiler" name="test_canonical_statevector_matches_historical_metrics" time="22.824" /><testcase classname="tests.test_generic_sparse_qsvt_compiler" name="test_second_workload_is_frozen_without_leakage" time="1.748" /><testcase classname="tests.test_generic_sparse_qsvt_compiler" name="test_second_functionals_are_metadata_defined_and_unavailable_request_retained" time="0.000" /><testcase classname="tests.test_generic_sparse_qsvt_compiler" name="test_second_end_to_end_action_and_recovery_pass" time="14.582" /><testcase classname="tests.test_generic_sparse_qsvt_compiler" name="test_phase_convention_applied_once_and_final_circuit_is_shared[canonical_compiled]" time="0.000" /><testcase classname="tests.test_generic_sparse_qsvt_compiler" name="test_phase_convention_applied_once_and_final_circuit_is_shared[second_compiled]" time="0.000" /><testcase classname="tests.test_generic_sparse_qsvt_compiler" name="test_physical_recovery_factor_is_exact" time="0.000" /><testcase classname="tests.test_generic_sparse_qsvt_compiler" name="test_signed_readout_distinguishes_postselection_and_interference_events" time="0.000" /><testcase classname="tests.test_generic_sparse_qsvt_compiler" name="test_near_zero_signed_readout_is_retained" time="0.000" /><testcase classname="tests.test_global_sign_audit" name="test_protocol_global_sign_fixes_reference_non_negative" time="0.000" /><testcase classname="tests.test_global_sign_audit" name="test_evaluation_alignment_matches_reference_but_is_separate" time="0.000" /><testcase classname="tests.test_global_sign_audit" name="test_audit_reports_no_ridge_leakage" time="0.001" /><testcase classname="tests.test_global_sign_audit" name="test_scope_note_not_flagged_by_claim_lint" time="0.002" /><testcase classname="tests.test_hardware_aware_oracle_cost_model" name="test_hardware_aware_oracle_cost_model_includes_all_ieee_cases" time="0.051" /><testcase classname="tests.test_hardware_aware_oracle_cost_model" name="test_hardware_aware_oracle_cost_varies_with_precision" time="0.035" /><testcase classname="tests.test_hardware_aware_oracle_cost_model" name="test_hardware_aware_oracle_outputs_required_files" time="0.032" /><testcase classname="tests.test_hardware_qsvt_demo" name="test_hardware_qsvt_demo_writes_structured_circuit_artifacts" time="0.136" /><testcase classname="tests.test_high_precision_backend_readout" name="test_summary_exists" time="0.002" /><testcase classname="tests.test_high_precision_backend_readout" name="test_statevector_matches_headline" time="0.001" /><testcase classname="tests.test_high_precision_backend_readout" name="test_precision_target_met_at_high_shots" time="0.001" /><testcase classname="tests.test_high_precision_backend_readout" name="test_runs_are_shot_based" time="0.002" /><testcase classname="tests.test_high_precision_backend_readout" name="test_ci_brackets_references" time="0.002" /><testcase classname="tests.test_ieee118_extension_audit" name="test_reusable_components_are_marked_cross_case" time="0.001" /><testcase classname="tests.test_ieee118_extension_audit" name="test_ieee118_loads_and_supports_4x4_extraction" time="1.279" /><testcase classname="tests.test_ieee118_extension_audit" name="test_load_status_records_structured_failure_when_unavailable" time="0.001" /><testcase classname="tests.test_ieee118_gate_observable_readout" name="test_default_observables_exclude_full_vector_reconstruction" time="0.000" /><testcase classname="tests.test_ieee118_gate_observable_readout" name="test_full_vector_reconstruction_is_filtered_out" time="0.000" /><testcase classname="tests.test_ieee118_gate_observable_readout" name="test_successful_gate_rows_filters_completed_only" time="0.000" /><testcase classname="tests.test_ieee118_gate_observable_readout" name="test_interpretation_handles_empty_frame" time="0.000" /><testcase classname="tests.test_ieee118_gate_validation" name="test_selection_reads_only_candidates_and_excludes_control" time="0.003" /><testcase classname="tests.test_ieee118_gate_validation" name="test_selection_respects_max_configs_and_empty_input" time="0.002" /><testcase classname="tests.test_ieee118_gate_validation" name="test_gate_columns_include_ridge_residual_and_indices" time="0.000" /><testcase classname="tests.test_ieee118_gate_validation" name="test_surviving_subproblems_reads_feasibility_flag" time="0.001" /><testcase classname="tests.test_ieee118_selected_robustness" name="test_selection_modes_are_criteria_based_only" time="0.000" /><testcase classname="tests.test_ieee118_selected_robustness" name="test_worst_conditioned_control_not_counted_as_positive_evidence" time="0.000" /><testcase classname="tests.test_ieee118_selected_robustness" name="test_classify_ieee118_family_and_single" time="0.001" /><testcase classname="tests.test_ieee14_multioutput" name="test_multioutput_results_exist" time="0.001" /><testcase classname="tests.test_ieee14_multioutput" name="test_outputs_are_preselected" time="0.001" /><testcase classname="tests.test_ieee14_multioutput" name="test_all_outputs_convention_exact" time="0.001" /><testcase classname="tests.test_ieee14_multioutput" name="test_qsvt_matches_ridge" time="0.001" /><testcase classname="tests.test_ieee14_multioutput" name="test_headline_output_reproduced" time="0.001" /><testcase classname="tests.test_ieee14_robustness" name="test_robustness_results_exist" time="0.001" /><testcase classname="tests.test_ieee14_robustness" name="test_all_families_present" time="0.001" /><testcase classname="tests.test_ieee14_robustness" name="test_at_least_10_seeds_per_family" time="0.001" /><testcase classname="tests.test_ieee14_robustness" name="test_no_hidden_failures" time="0.001" /><testcase classname="tests.test_ieee14_robustness" name="test_convention_exact_under_perturbation" time="0.001" /><testcase classname="tests.test_ieee14_robustness" name="test_application_passes_threshold" time="0.001" /><testcase classname="tests.test_ieee300_resume" name="test_iterative_sweep_writes_checkpoint_and_resume_skips_completed" time="0.082" /><testcase classname="tests.test_ieee300_runtime_extension" name="test_runtime_limited_recorded_when_over_budget" time="0.044" /><testcase classname="tests.test_ieee300_runtime_extension" name="test_unknown_subset_recorded_not_applicable" time="0.030" /><testcase classname="tests.test_ieee300_runtime_extension" name="test_small_case_runs_and_qsvt_equals_ridge" time="0.059" /><testcase classname="tests.test_ieee300_scope_note" name="test_scope_note_documents_reduced_scope" time="0.000" /><testcase classname="tests.test_ieee300_scope_note" name="test_scope_note_states_qsvt_equals_ridge" time="0.000" /><testcase classname="tests.test_ieee300_scope_note" name="test_qsvt_ridge_equivalence_holds" time="0.003" /><testcase classname="tests.test_ieee300_scope_note" name="test_scope_note_is_claim_safe" time="0.027" /><testcase classname="tests.test_ieee300_scope_note" name="test_package_scope_note_present_and_runtime_limited_file_exists" time="0.000" /><testcase classname="tests.test_ieee30_useful_overlap" name="test_search_recorded_all_candidates" time="0.002" /><testcase classname="tests.test_ieee30_useful_overlap" name="test_failed_candidates_not_hidden" time="0.001" /><testcase classname="tests.test_ieee30_useful_overlap" name="test_convention_exact_on_all_candidates" time="0.001" /><testcase classname="tests.test_ieee30_useful_overlap" name="test_at_least_one_useful_overlap" time="0.001" /><testcase classname="tests.test_ieee57_escalation" name="test_escalation_recorded" time="0.002" /><testcase classname="tests.test_ieee57_escalation" name="test_convention_exact_at_ieee57" time="0.001" /><testcase classname="tests.test_ieee57_escalation" name="test_status_honestly_recorded" time="0.001" /><testcase classname="tests.test_ieee57_escalation" name="test_headline_useful_overlap_rows_reproduced" time="0.002" /><testcase classname="tests.test_ieee57_escalation" name="test_wall_time_recorded" time="0.001" /><testcase classname="tests.test_ieee_qsvt_pipeline_boundary" name="test_required_artifacts_exist" time="0.092" /><testcase classname="tests.test_ieee_qsvt_pipeline_boundary" name="test_selected_block_is_ieee_derived_not_random" time="0.012" /><testcase classname="tests.test_ieee_qsvt_pipeline_boundary" name="test_block_encoding_reconstruction_below_tolerance" time="0.002" /><testcase classname="tests.test_ieee_qsvt_pipeline_boundary" name="test_residual_state_preparation_fidelity" time="0.001" /><testcase classname="tests.test_ieee_qsvt_pipeline_boundary" name="test_matched_alpha_qsvt_target_ridge_equivalence" time="0.001" /><testcase classname="tests.test_ieee_qsvt_pipeline_boundary" name="test_readout_report_states_tomography_non_claim" time="0.001" /><testcase classname="tests.test_ieee_qsvt_pipeline_boundary" name="test_complexity_report_covers_all_cost_terms" time="0.002" /><testcase classname="tests.test_ieee_qsvt_pipeline_boundary" name="test_generated_text_respects_claim_boundary" time="0.001" /><testcase classname="tests.test_initializer_ablation" name="test_unknown_initializer_recorded_unsupported" time="0.042" /><testcase classname="tests.test_initializer_ablation" name="test_supported_initializer_computed_with_initial_rmse" time="0.133" /><testcase classname="tests.test_initializer_ablation" name="test_qsvt_ridge_equivalent_flag" time="0.151" /><testcase classname="tests.test_iterative_ac" name="test_iterative_ac_reduces_weighted_residual" time="0.050" /><testcase classname="tests.test_iterative_ac" name="test_all_iterative_ac_estimators_return_structured_results" time="0.143" /><testcase classname="tests.test_iterative_ac" name="test_iterative_config_validation_errors" time="0.001" /><testcase classname="tests.test_iterative_ac" name="test_nonlinear_ac_alias_dispatch_writes_mode_metadata" time="0.048" /><testcase classname="tests.test_iterative_ac" name="test_iterative_ac_detects_excessive_update_norm" time="0.017" /><testcase classname="tests.test_iterative_ac" name="test_iterative_ac_smoke_writes_artifacts" time="0.156" /><testcase classname="tests.test_iterative_ac" name="test_iterative_ac_sweep_writes_aggregate_outputs" time="0.657" /><testcase classname="tests.test_jacobian_validation" name="test_finite_difference_matches_known_analytic_toy_function" time="0.000" /><testcase classname="tests.test_jacobian_validation" name="test_compare_block_flags_wrong_analytic_jacobian_as_fail" time="0.000" /><testcase classname="tests.test_jacobian_validation" name="test_near_zero_rows_do_not_cause_false_failure" time="0.000" /><testcase classname="tests.test_jacobian_validation" name="test_weighted_jacobian_equals_r_inv_sqrt_h" time="0.000" /><testcase classname="tests.test_jacobian_validation" name="test_invalid_variance_is_caught" time="0.000" /><testcase classname="tests.test_jacobian_validation" name="test_ac_validation_outputs_required_columns" time="0.562" /><testcase classname="tests.test_jacobian_validation" name="test_ac_angle_row_recorded_not_fabricated" time="0.566" /><testcase classname="tests.test_jacobian_validation" name="test_dc_validation_matches_finite_differences" time="0.539" /><testcase classname="tests.test_jacobian_validation" name="test_weighted_audit_records_convention_and_separates_conditioning" time="0.545" /><testcase classname="tests.test_joint_four_condition" name="test_01_freeze_is_deterministic" time="2.297" /><testcase classname="tests.test_joint_four_condition" name="test_02_frozen_hashes_match_ledger" time="0.000" /><testcase classname="tests.test_joint_four_condition" name="test_03_candidate_id_is_canonical_not_outcome_chosen" time="0.000" /><testcase classname="tests.test_joint_four_condition" name="test_04_frozen_support_and_seeds_reused" time="0.000" /><testcase classname="tests.test_joint_four_condition" name="test_05_benchmark_link_provenance" time="0.001" /><testcase classname="tests.test_joint_four_condition" name="test_06_full_block_and_sparse_ridge_separated" time="23.124" /><testcase classname="tests.test_joint_four_condition" name="test_07_quantized_ridge_tracks_supported" time="0.000" /><testcase classname="tests.test_joint_four_condition" name="test_08_polynomial_approximates_rational" time="0.000" /><testcase classname="tests.test_joint_four_condition" name="test_09_statevector_tracks_polynomial" time="0.000" /><testcase classname="tests.test_joint_four_condition" name="test_10_signed_readout_recovers_statevector" time="0.000" /><testcase classname="tests.test_joint_four_condition" name="test_11_postselection_probability_consistent" time="0.000" /><testcase classname="tests.test_joint_four_condition" name="test_12_finite_shot_seed_reproduction" time="25.166" /><testcase classname="tests.test_joint_four_condition" name="test_12b_finite_shot_reproduces_frozen_ledger" time="0.000"><skipped type="pytest.skip" message="outputs/joint_four_condition not generated"><repo-root>/tests/test_joint_four_condition.py:214: outputs/joint_four_condition not generated</skipped></testcase><testcase classname="tests.test_joint_four_condition" name="test_13a_four_condition_logic" time="0.002" /><testcase classname="tests.test_joint_four_condition" name="test_13b_overall_pass_requires_all_pass" time="0.000" /><testcase classname="tests.test_joint_four_condition" name="test_14_failure_schema_retained" time="0.000"><skipped type="pytest.skip" message="outputs/joint_four_condition not generated"><repo-root>/tests/test_joint_four_condition.py:275: outputs/joint_four_condition not generated</skipped></testcase><testcase classname="tests.test_joint_four_condition" name="test_15_no_dense_fallback" time="0.000" /><testcase classname="tests.test_joint_four_condition" name="test_16_no_direct_target_output_preparation" time="0.000" /><testcase classname="tests.test_joint_four_condition" name="test_17_decision_ledger_schema_complete" time="0.000"><skipped type="pytest.skip" message="outputs/joint_four_condition not generated"><repo-root>/tests/test_joint_four_condition.py:310: outputs/joint_four_condition not generated</skipped></testcase><testcase classname="tests.test_joint_four_condition" name="test_18_manuscript_tables_consistent_with_evidence" time="0.000"><skipped type="pytest.skip" message="outputs/joint_four_condition not generated"><repo-root>/tests/test_joint_four_condition.py:348: outputs/joint_four_condition not generated</skipped></testcase><testcase classname="tests.test_joint_four_condition" name="test_19_manifest_and_checksums_consistent" time="0.000"><skipped type="pytest.skip" message="outputs/joint_four_condition not generated"><repo-root>/tests/test_joint_four_condition.py:374: outputs/joint_four_condition not generated</skipped></testcase><testcase classname="tests.test_joint_four_condition" name="test_20_claim_boundary_forbids_speedup" time="0.001" /><testcase classname="tests.test_larger_block_validation_core" name="test_block_is_exactly_16x16_with_unique_active_rows_and_columns" time="0.003" /><testcase classname="tests.test_larger_block_validation_core" name="test_block_has_sufficient_nonzeros_and_physical_functionals" time="0.001" /><testcase classname="tests.test_larger_block_validation_core" name="test_coverage_floor_makes_k_below_dimension_infeasible" time="0.008" /><testcase classname="tests.test_larger_block_validation_core" name="test_budget_grid_rule_preserves_coverage_floor" time="0.000" /><testcase classname="tests.test_larger_block_validation_core" name="test_support_selection_is_deterministic" time="1.794" /><testcase classname="tests.test_larger_block_validation_core" name="test_feasible_support_respects_declared_budget_no_silent_reduction" time="0.007" /><testcase classname="tests.test_larger_block_validation_core" name="test_statevector_ceiling_forces_skip_status" time="11.909" /><testcase classname="tests.test_larger_block_validation_core" name="test_support_stability_calculation" time="0.000" /><testcase classname="tests.test_larger_block_validation_core" name="test_runtime_and_solve_fields_populated" time="1.037" /><testcase classname="tests.test_leakage_aware_selection" name="test_leakage_aware_selection_retains_target_and_reduces_column_leakage" time="0.001" /><testcase classname="tests.test_matrix_free_qsvt_action" name="test_matrix_free_action_approximates_exact_svd_on_tiny_matrix" time="0.002" /><testcase classname="tests.test_matrix_free_qsvt_action" name="test_matrix_free_error_does_not_catastrophically_increase_with_degree" time="0.001" /><testcase classname="tests.test_matrix_free_qsvt_action" name="test_matrix_free_large_oracle_does_not_build_dense_reference" time="0.003" /><testcase classname="tests.test_matrix_free_qsvt_action" name="test_matrix_free_counts_sparse_calls" time="0.001" /><testcase classname="tests.test_measurement_row_metadata_audit" name="test_outputs_have_required_columns" time="0.060" /><testcase classname="tests.test_measurement_row_metadata_audit" name="test_s1_s4_masks_contain_exact_expected_types_when_implemented" time="0.044" /><testcase classname="tests.test_measurement_row_metadata_audit" name="test_optional_ac_subset_views_have_exact_row_types" time="0.043" /><testcase classname="tests.test_measurement_row_metadata_audit" name="test_optional_dc_subset_views_have_exact_row_types" time="0.047" /><testcase classname="tests.test_measurement_row_metadata_audit" name="test_optional_subset_views_are_not_reported_not_implemented" time="0.044" /><testcase classname="tests.test_measurement_row_metadata_audit" name="test_drop_view_masks_remove_intended_row_types" time="0.044" /><testcase classname="tests.test_measurement_row_metadata_audit" name="test_row_metadata_count_equals_mask_count" time="0.042" /><testcase classname="tests.test_measurement_row_metadata_audit" name="test_wrong_row_type_metadata_triggers_failure" time="0.008" /><testcase classname="tests.test_measurement_row_metadata_audit" name="test_missing_metadata_triggers_failure" time="0.005" /><testcase classname="tests.test_measurement_row_metadata_audit" name="test_summary_status_fails_if_subset_contains_unexpected_type" time="0.005" /><testcase classname="tests.test_measurement_row_metadata_audit" name="test_rank_deficient_optional_subset_is_diagnostic_not_failure" time="0.000" /><testcase classname="tests.test_measurement_type_ablation" name="test_subsets_have_different_row_counts" time="0.072" /><testcase classname="tests.test_measurement_type_ablation" name="test_rank_deficient_subset_recorded_explicitly" time="0.072" /><testcase classname="tests.test_measurement_type_ablation" name="test_qsvt_equals_ridge_and_alpha_traceable" time="0.072" /><testcase classname="tests.test_metric_definitions" name="test_update_rmse_distinct_from_full_state_rmse" time="0.028" /><testcase classname="tests.test_metric_definitions" name="test_residual_distinct_from_state_accuracy" time="0.028" /><testcase classname="tests.test_metric_definitions" name="test_gate_error_and_qsvt_ridge_equivalence_documented" time="0.028" /><testcase classname="tests.test_metrics" name="test_rmse" time="0.000" /><testcase classname="tests.test_metrics" name="test_residual_metrics_on_weighted_system" time="0.001" /><testcase classname="tests.test_metrics" name="test_condition_number_metric" time="0.000" /><testcase classname="tests.test_metrics" name="test_rank_deficient_condition_number_is_infinite" time="0.000" /><testcase classname="tests.test_missing_subproblem_scope_note" name="test_scope_note_lists_available_and_missing" time="0.000" /><testcase classname="tests.test_missing_subproblem_scope_note" name="test_missing_recorded_and_excluded_from_denominator" time="0.065" /><testcase classname="tests.test_noise_model_boundary" name="test_depolarizing_model_construction" time="0.005" /><testcase classname="tests.test_noise_model_boundary" name="test_selected_output_arithmetic" time="0.000" /><testcase classname="tests.test_noise_model_boundary" name="test_reduction_to_noise_basis_counts_only_declared_gates" time="0.004" /><testcase classname="tests.test_noise_model_boundary" name="test_exact_rows_show_monotone_signal_loss" time="0.000"><skipped type="pytest.skip" message="noise sweep not generated"><repo-root>/tests/test_noise_model_boundary.py:58: noise sweep not generated</skipped></testcase><testcase classname="tests.test_noise_model_boundary" name="test_sampled_rows_are_seed_complete_and_consistent" time="0.000"><skipped type="pytest.skip" message="noise sweep not generated"><repo-root>/tests/test_noise_model_boundary.py:75: noise sweep not generated</skipped></testcase><testcase classname="tests.test_non_oracle_alpha_selection" name="test_non_oracle_selectors_are_deterministic_and_truth_free" time="0.005" /><testcase classname="tests.test_non_oracle_alpha_selection" name="test_non_oracle_selectors_return_grid_members" time="0.002" /><testcase classname="tests.test_nonlinear_ac_alpha_stress" name="test_raw_perturbation_and_iteration_fields" time="0.676" /><testcase classname="tests.test_nonlinear_ac_alpha_stress" name="test_weak_area_stress_recorded" time="0.651" /><testcase classname="tests.test_nonlinear_ac_alpha_stress" name="test_qsvt_equals_ridge_nonlinear" time="0.657" /><testcase classname="tests.test_nonlinear_ac_consolidation" name="test_nonlinear_summary_separates_raw_from_weighted_residual" time="0.027" /><testcase classname="tests.test_nonlinear_ac_consolidation" name="test_nonlinear_consolidation_records_missing_instead_of_fabricating" time="0.032" /><testcase classname="tests.test_nonlinear_ac_consolidation" name="test_nonlinear_convergence_marks_raw_workflow" time="0.038" /><testcase classname="tests.test_nonlinear_ac_large_cases" name="test_nonlinear_large_case_configs_validate" time="0.022" /><testcase classname="tests.test_nonlinear_ac_large_cases" name="test_reduced_nonlinear_large_case_run_records_status" time="3.898" /><testcase classname="tests.test_nonlinear_iteration_logging" name="test_logging_off_preserves_legacy_trace_schema" time="0.048" /><testcase classname="tests.test_nonlinear_iteration_logging" name="test_logging_on_records_rmse_when_true_state_exists" time="0.051" /><testcase classname="tests.test_nonlinear_iteration_logging" name="test_logging_on_records_positive_condition_number" time="0.052" /><testcase classname="tests.test_nonlinear_iteration_logging" name="test_refresh_logs_are_extractable" time="0.214" /><testcase classname="tests.test_nonlinear_iteration_logging" name="test_old_logs_not_backfilled" time="0.210" /><testcase classname="tests.test_nonlinear_refresh_broader_cases" name="test_ieee30_refresh_computes_rmse_and_positive_kappa" time="0.724" /><testcase classname="tests.test_nonlinear_refresh_broader_cases" name="test_runtime_budget_records_runtime_limited" time="0.028" /><testcase classname="tests.test_nonlinear_refresh_broader_cases" name="test_qsvt_target_equals_ridge_per_iteration" time="0.130" /><testcase classname="tests.test_nonlinear_refresh_broader_cases" name="test_stress_types_are_distinct" time="0.132" /><testcase classname="tests.test_nonlinear_refresh_broader_cases" name="test_package_trajectories_cover_ieee30_and_ieee118_or_runtime_limited" time="0.000" /><testcase classname="tests.test_nonlinear_refresh_broader_cases" name="test_legacy_logs_not_backfilled" time="0.000" /><testcase classname="tests.test_nonlinear_trajectory_extraction" name="test_residual_and_update_extracted_as_real" time="0.034" /><testcase classname="tests.test_nonlinear_trajectory_extraction" name="test_unavailable_logs_recorded_not_fabricated" time="0.029" /><testcase classname="tests.test_nonlinear_trajectory_extraction" name="test_rmse_and_kappa_not_recorded" time="0.034" /><testcase classname="tests.test_norm_recovery_from_amplitude" name="test_norm_recovery_is_deterministic_for_fixed_seed" time="0.003" /><testcase classname="tests.test_norm_recovery_from_amplitude" name="test_best_scalar_upper_bound_is_diagnostic_only" time="0.001" /><testcase classname="tests.test_norm_recovery_from_amplitude" name="test_best_scalar_upper_bound_minimizes_residual_over_deployable" time="0.001" /><testcase classname="tests.test_norm_recovery_from_amplitude" name="test_exact_diagnostic_matches_known_c_magnitude" time="0.000" /><testcase classname="tests.test_norm_recovery_from_amplitude" name="test_iterative_qae_alias_and_outputs" time="0.032" /><testcase classname="tests.test_norm_residual_gap_audit" name="test_best_scalar_for_residual_matches_closed_form" time="0.000" /><testcase classname="tests.test_norm_residual_gap_audit" name="test_norm_residual_gap_audit_outputs_required_columns" time="0.471" /><testcase classname="tests.test_norm_success" name="test_norm_success_diagnostics_handle_small_success_probability" time="0.000" /><testcase classname="tests.test_norm_success" name="test_success_probability_shot_proxy_is_reproducible" time="0.000" /><testcase classname="tests.test_observable_error_decomposition" name="test_observable_error_decomposition_identifies_dominant_source" time="0.000" /><testcase classname="tests.test_observable_error_decomposition" name="test_probability_shot_standard_error_decreases" time="0.001" /><testcase classname="tests.test_observable_first_qsvt_solver" name="test_practical_observables_do_not_require_full_vector_readout" time="0.003" /><testcase classname="tests.test_observable_first_qsvt_solver" name="test_full_vector_observable_is_flagged_and_not_practical" time="0.002" /><testcase classname="tests.test_observable_first_qsvt_solver" name="test_topk_observable_needs_no_norm_recovery" time="0.001" /><testcase classname="tests.test_observable_first_qsvt_solver" name="test_outputs_have_required_columns" time="0.031" /><testcase classname="tests.test_observable_first_solver_v2" name="test_observable_first_v2_does_not_emphasize_full_vector" time="0.004" /><testcase classname="tests.test_observable_first_solver_v2" name="test_topk_identification_is_practical_without_norm_recovery" time="0.003" /><testcase classname="tests.test_observable_first_solver_v2" name="test_observable_rows_have_required_columns" time="0.004" /><testcase classname="tests.test_observable_measurement_circuits" name="test_postselected_encoded_state_and_exact_observables" time="0.001" /><testcase classname="tests.test_observable_measurement_circuits" name="test_statevector_sampling_and_shot_summary_are_reproducible" time="0.000" /><testcase classname="tests.test_oracle_model_resource_estimator" name="test_qubit_convention_reports_row_and_column_registers" time="0.000" /><testcase classname="tests.test_oracle_model_resource_estimator" name="test_oracle_model_resource_report_has_required_columns" time="0.039" /><testcase classname="tests.test_oracle_model_resource_estimator" name="test_ieee300_resource_row_does_not_claim_dense_qsvt" time="14.869" /><testcase classname="tests.test_output_aware_heldout_split" name="test_predeclared_training_and_heldout_seeds_are_strictly_disjoint" time="0.001" /><testcase classname="tests.test_output_aware_heldout_split" name="test_heldout_tasks_are_rejected_by_score_construction" time="0.000" /><testcase classname="tests.test_output_aware_heldout_split" name="test_heldout_tasks_are_rejected_by_refinement" time="0.000" /><testcase classname="tests.test_output_aware_heldout_split" name="test_generated_split_and_support_provenance_exclude_heldout_if_present" time="0.000"><skipped type="pytest.skip" message="campaign split/support artifacts not generated yet"><repo-root>/tests/test_output_aware_heldout_split.py:78: campaign split/support artifacts not generated yet</skipped></testcase><testcase classname="tests.test_output_aware_heldout_split" name="test_readonly_evaluation_cannot
[...]
="tests.test_tqe_evidence_registry" name="test_convention_campaigns_are_not_merged" time="0.001" /><testcase classname="tests.test_tqe_evidence_registry" name="test_registry_matches_frozen_configuration_artifact" time="0.001" /><testcase classname="tests.test_tqe_evidence_triage" name="test_evidence_map_schema" time="0.006" /><testcase classname="tests.test_tqe_evidence_triage" name="test_main_vs_supplement_assignment_logic" time="0.006" /><testcase classname="tests.test_tqe_evidence_triage" name="test_reviewer_checklist_schema" time="0.007" /><testcase classname="tests.test_tqe_final_robustness_audits" name="test_phase_synthesis_audit_schema_from_top_level_smoke" time="0.740" /><testcase classname="tests.test_tqe_final_robustness_audits" name="test_signed_readout_labels_phase_access_requirement" time="0.001" /><testcase classname="tests.test_tqe_final_robustness_audits" name="test_noise_model_records_proxy_or_aer_status" time="0.001" /><testcase classname="tests.test_tqe_final_robustness_audits" name="test_reactive_pq_row_set_construction" time="0.000" /><testcase classname="tests.test_tqe_final_robustness_audits" name="test_tiny_oracle_lookup_truth_table_on_small_matrix" time="0.001" /><testcase classname="tests.test_tqe_final_robustness_audits" name="test_tiny_oracle_output_schema" time="0.004" /><testcase classname="tests.test_tqe_final_robustness_audits" name="test_integrated_repeat_case_failure_is_recorded" time="0.001" /><testcase classname="tests.test_tqe_final_robustness_audits" name="test_alpha_tradeoff_rows_include_rule_choices_and_degrees" time="0.002" /><testcase classname="tests.test_tqe_final_robustness_audits" name="test_top_level_output_schema_and_manifest" time="0.717" /><testcase classname="tests.test_tqe_full_gate_level_qsvt_coverage" name="test_output_schema_smoke_with_budget_skip" time="0.371" /><testcase classname="tests.test_tqe_full_gate_level_qsvt_coverage" name="test_selected_degree_lookup_prefers_required_degree" time="0.004" /><testcase classname="tests.test_tqe_full_gate_level_qsvt_coverage" name="test_phase_synthesis_failure_is_recorded" time="0.000" /><testcase classname="tests.test_tqe_full_gate_level_qsvt_coverage" name="test_qsvt_circuit_metrics_are_finite_on_tiny_mock_case" time="0.005" /><testcase classname="tests.test_tqe_full_gate_level_qsvt_coverage" name="test_skipped_by_budget_recording" time="0.000" /><testcase classname="tests.test_tqe_full_gate_level_qsvt_coverage" name="test_ridge_comparison_metric" time="0.000" /><testcase classname="tests.test_tqe_full_gate_level_qsvt_coverage" name="test_empty_coverage_row_has_required_columns" time="0.000" /><testcase classname="tests.test_tqe_integrated_small_qsvt_circuit" name="test_sanity_polynomial_circuit_matches_expected_transform" time="0.348" /><testcase classname="tests.test_tqe_integrated_small_qsvt_circuit" name="test_phase_convention_failure_is_recorded_and_ieee_is_skipped" time="0.296" /><testcase classname="tests.test_tqe_integrated_small_qsvt_circuit" name="test_ridge_rescaling_matches_end_to_end_convention" time="0.000" /><testcase classname="tests.test_tqe_integrated_small_qsvt_circuit" name="test_integrated_qsvt_output_schema_contains_required_columns" time="0.353" /><testcase classname="tests.test_tqe_integrated_small_qsvt_circuit" name="test_integrated_qsvt_circuit_resource_metadata_is_populated" time="0.530" /><testcase classname="tests.test_tqe_measurement_row_sparsification" name="test_row_mask_keeps_whole_rows_only" time="0.000" /><testcase classname="tests.test_tqe_measurement_row_sparsification" name="test_zero_row_mask_equals_explicit_row_slice" time="0.001" /><testcase classname="tests.test_tqe_measurement_row_sparsification" name="test_entry_mask_can_be_partial_row" time="0.000" /><testcase classname="tests.test_tqe_measurement_row_sparsification" name="test_row_magnitude_is_l2_norm" time="0.000" /><testcase classname="tests.test_tqe_measurement_row_sparsification" name="test_row_leverage_matches_quadratic_form" time="0.000" /><testcase classname="tests.test_tqe_measurement_row_sparsification" name="test_row_sensitivity_worst_is_min_over_tasks" time="0.000" /><testcase classname="tests.test_tqe_measurement_row_sparsification" name="test_rows_by_score_respects_count_and_ties" time="0.000" /><testcase classname="tests.test_tqe_measurement_row_sparsification" name="test_greedy_nnz_respects_budget" time="0.000" /><testcase classname="tests.test_tqe_measurement_row_sparsification" name="test_coverage_enforcement_flags_missing_type" time="0.000" /><testcase classname="tests.test_tqe_measurement_row_sparsification" name="test_paired_stats_counts_and_direction" time="0.003" /><testcase classname="tests.test_tqe_measurement_row_sparsification" name="test_build_support_signature_excludes_truth" time="0.000" /><testcase classname="tests.test_tqe_measurement_row_sparsification" name="test_orchestrator_outputs_and_separated_metrics" time="1.136" /><testcase classname="tests.test_tqe_measurement_row_sparsification" name="test_run_is_reproducible" time="1.676" /><testcase classname="tests.test_tqe_measurement_row_sparsification" name="test_infeasible_configs_retained" time="0.799" /><testcase classname="tests.test_tqe_nonlinear_ac_per_iteration_feasibility" name="test_iteration_diagnostic_schema_from_mock_run" time="0.468" /><testcase classname="tests.test_tqe_nonlinear_ac_per_iteration_feasibility" name="test_condition_number_diagnostics_for_known_singular_values" time="0.000" /><testcase classname="tests.test_tqe_nonlinear_ac_per_iteration_feasibility" name="test_required_degree_selection_uses_smallest_passing_degree" time="0.000" /><testcase classname="tests.test_tqe_nonlinear_ac_per_iteration_feasibility" name="test_required_degree_selection_records_no_passing_degree" time="0.000" /><testcase classname="tests.test_tqe_nonlinear_ac_per_iteration_feasibility" name="test_ridge_residual_ratio_matches_direct_tikhonov_solve" time="0.000" /><testcase classname="tests.test_tqe_nonlinear_ac_per_iteration_feasibility" name="test_sparse_iteration_diagnostics_for_known_matrix" time="0.000" /><testcase classname="tests.test_tqe_nonlinear_ac_per_iteration_feasibility" name="test_failure_or_skipped_iteration_is_recorded" time="0.301" /><testcase classname="tests.test_tqe_nonlinear_ac_per_iteration_feasibility" name="test_output_smoke_generates_figures_and_manifest" time="0.485" /><testcase classname="tests.test_tqe_nonlinear_circuit_loop" name="test_magnitude_support_keeps_k_per_row" time="0.000" /><testcase classname="tests.test_tqe_nonlinear_circuit_loop" name="test_build_block_qsvt_matched_alpha_beta_lambda" time="0.004" /><testcase classname="tests.test_tqe_nonlinear_circuit_loop" name="test_build_block_qsvt_is_deterministic" time="0.006" /><testcase classname="tests.test_tqe_nonlinear_circuit_loop" name="test_physical_rescaling_recovers_ridge_from_polynomial_action" time="0.003" /><testcase classname="tests.test_tqe_nonlinear_circuit_loop" name="test_build_block_qsvt_excludes_truth" time="0.000" /><testcase classname="tests.test_tqe_nonlinear_circuit_loop" name="test_jacobian_and_residual_rebuilt_every_iteration" time="4.981" /><testcase classname="tests.test_tqe_nonlinear_circuit_loop" name="test_evidence_tiers_recorded_and_separated" time="0.000" /><testcase classname="tests.test_tqe_nonlinear_circuit_loop" name="test_statevector_reproduces_ridge_when_executed" time="0.000" /><testcase classname="tests.test_tqe_nonlinear_circuit_loop" name="test_convergence_status_retained" time="0.000" /><testcase classname="tests.test_tqe_observable_first_readout" name="test_update_probabilities_match_squared_amplitudes" time="0.000" /><testcase classname="tests.test_tqe_observable_first_readout" name="test_single_coordinate_energy_estimator_uses_norm_squared_probability" time="0.000" /><testcase classname="tests.test_tqe_observable_first_readout" name="test_subset_energy_estimator_uses_selected_probability_mass" time="0.000" /><testcase classname="tests.test_tqe_observable_first_readout" name="test_signed_coordinate_difference_is_labeled_as_sign_access_required" time="0.000" /><testcase classname="tests.test_tqe_observable_first_readout" name="test_binomial_style_uncertainty_is_finite_and_shrinks_with_shots" time="0.000" /><testcase classname="tests.test_tqe_observable_first_readout" name="test_observable_first_readout_output_schema_contains_required_columns" time="0.545" /><testcase classname="tests.test_tqe_observable_first_readout" name="test_signed_readout_skip_is_recorded_without_failing_experiment" time="0.674" /><testcase classname="tests.test_tqe_phase_synthesis_8x8_rescue" name="test_rescue_attempt_schema" time="0.001" /><testcase classname="tests.test_tqe_phase_synthesis_8x8_rescue" name="test_target_scaling_boundedness" time="0.000" /><testcase classname="tests.test_tqe_phase_synthesis_8x8_rescue" name="test_gamma_multiplier_normalized_singular_values" time="0.000" /><testcase classname="tests.test_tqe_phase_synthesis_8x8_rescue" name="test_odd_parity_enforcement" time="0.000" /><testcase classname="tests.test_tqe_phase_synthesis_8x8_rescue" name="test_build_rescue_polynomial_respects_safety_cap" time="0.001" /><testcase classname="tests.test_tqe_phase_synthesis_8x8_rescue" name="test_rescue_success_criteria" time="0.000" /><testcase classname="tests.test_tqe_phase_synthesis_8x8_rescue" name="test_failure_recording_and_summary_selection" time="0.002" /><testcase classname="tests.test_tqe_physical_alignment_nonlinear" name="test_raw_measurement_problem_and_physical_functionals_are_valid" time="0.011" /><testcase classname="tests.test_tqe_physical_alignment_nonlinear" name="test_matched_qsvt_target_and_ridge_nonlinear_loops_agree" time="0.214" /><testcase classname="tests.test_tqe_physical_alignment_nonlinear" name="test_statevector_failures_and_unexecuted_cases_have_distinct_statuses" time="0.016" /><testcase classname="tests.test_tqe_physical_alignment_protocol" name="test_manifest_and_checksum_round_trip" time="0.004" /><testcase classname="tests.test_tqe_physical_alignment_risk_selectors" name="test_solve_based_risk_matches_explicit_inverse_reference[noise_propagation]" time="0.001" /><testcase classname="tests.test_tqe_physical_alignment_risk_selectors" name="test_solve_based_risk_matches_explicit_inverse_reference[posterior_variance_reference]" time="0.000" /><testcase classname="tests.test_tqe_physical_alignment_risk_selectors" name="test_matrix_and_alpha_unit_scaling[noise_propagation]" time="0.000" /><testcase classname="tests.test_tqe_physical_alignment_risk_selectors" name="test_matrix_and_alpha_unit_scaling[posterior_variance_reference]" time="0.000" /><testcase classname="tests.test_tqe_physical_alignment_risk_selectors" name="test_rank_deficient_tall_and_wide_systems_remain_valid[noise_propagation-shape0]" time="0.000" /><testcase classname="tests.test_tqe_physical_alignment_risk_selectors" name="test_rank_deficient_tall_and_wide_systems_remain_valid[noise_propagation-shape1]" time="0.000" /><testcase classname="tests.test_tqe_physical_alignment_risk_selectors" name="test_rank_deficient_tall_and_wide_systems_remain_valid[posterior_variance_reference-shape0]" time="0.000" /><testcase classname="tests.test_tqe_physical_alignment_risk_selectors" name="test_rank_deficient_tall_and_wide_systems_remain_valid[posterior_variance_reference-shape1]" time="0.000" /><testcase classname="tests.test_tqe_physical_alignment_risk_selectors" name="test_exact_removal_full_support_reference_and_determinism" time="0.002" /><testcase classname="tests.test_tqe_physical_alignment_risk_selectors" name="test_selection_is_deterministic_feasible_and_refinement_monotone" time="0.024" /><testcase classname="tests.test_tqe_physical_alignment_risk_selectors" name="test_direct_refinement_never_worsens_its_frozen_objective" time="0.008" /><testcase classname="tests.test_tqe_physical_alignment_risk_selectors" name="test_public_selector_api_and_source_have_no_truth_or_heldout_access" time="0.001" /><testcase classname="tests.test_tqe_physical_alignment_risk_selectors" name="test_unavailable_or_nonunit_functionals_are_not_substituted" time="0.001" /><testcase classname="tests.test_tqe_physical_alignment_statistics" name="test_two_stage_aggregation_has_exactly_twelve_independent_units" time="0.068" /><testcase classname="tests.test_tqe_physical_alignment_statistics" name="test_repeated_tasks_are_collapsed_before_structure_bootstrap" time="0.066" /><testcase classname="tests.test_tqe_physical_alignment_statistics" name="test_ordinary_and_case_stratified_confidence_intervals_are_reproducible" time="0.006" /><testcase classname="tests.test_tqe_physical_alignment_statistics" name="test_case_stratified_bootstrap_rejects_duplicate_structure_rows" time="0.001" /><testcase classname="tests.test_tqe_physical_alignment_statistics" name="test_leave_one_case_out_removes_every_structure_in_the_case" time="0.002" /><testcase classname="tests.test_tqe_physical_alignment_statistics" name="test_bootstrap_uses_effect_sign_baseline_minus_candidate" time="0.001" /><testcase classname="tests.test_tqe_revision_conditioning_boundary" name="test_required_output_files_created" time="0.340" /><testcase classname="tests.test_tqe_revision_conditioning_boundary" name="test_grid_has_required_columns" time="0.000" /><testcase classname="tests.test_tqe_revision_conditioning_boundary" name="test_records_both_successes_and_failures" time="0.001" /><testcase classname="tests.test_tqe_revision_conditioning_boundary" name="test_no_rows_dropped" time="0.000" /><testcase classname="tests.test_tqe_revision_conditioning_boundary" name="test_failures_file_keeps_failed_configs" time="0.000" /><testcase classname="tests.test_tqe_revision_conditioning_boundary" name="test_benign_regime_feasible_light_regime_not" time="0.001" /><testcase classname="tests.test_tqe_revision_conditioning_boundary" name="test_postselection_present_and_finite" time="0.001" /><testcase classname="tests.test_tqe_revision_conditioning_boundary" name="test_manifest_is_safe" time="0.000" /><testcase classname="tests.test_tqe_revision_evidence" name="test_ridge_svd_update_matches_normal_equations" time="0.000" /><testcase classname="tests.test_tqe_revision_evidence" name="test_ridge_damps_weak_singular_direction_relative_to_pinv" time="0.000" /><testcase classname="tests.test_tqe_revision_evidence" name="test_diagonal_weighting_preserves_sparsity_pattern" time="0.000" /><testcase classname="tests.test_tqe_revision_evidence" name="test_nonlinear_convergence_logging_schema" time="0.060" /><testcase classname="tests.test_tqe_revision_evidence" name="test_qsvt_matrix_validation_schema_and_failure_status" time="0.015" /><testcase classname="tests.test_tqe_revision_evidence" name="test_deterministic_block_selection_repeats_with_same_inputs" time="0.000" /><testcase classname="tests.test_tqe_revision_evidence" name="test_tqe_revision_evidence_manifest_and_readme" time="0.038" /><testcase classname="tests.test_tqe_revision_outputs" name="test_reviewer_matrix_covers_w1_to_w7" time="153.753" /><testcase classname="tests.test_tqe_revision_outputs" name="test_readiness_files_created" time="0.000" /><testcase classname="tests.test_tqe_revision_outputs" name="test_claim_audit_has_no_unsupported_overclaim" time="0.002" /><testcase classname="tests.test_tqe_revision_outputs" name="test_forbidden_wording_self_check_clean" time="0.001" /><testcase classname="tests.test_tqe_revision_outputs" name="test_all_experiment_manifests_present_and_safe" time="0.002" /><testcase classname="tests.test_tqe_revision_outputs" name="test_new_artifact_manifest_non_empty" time="0.001" /><testcase classname="tests.test_tqe_revision_readout_statistics" name="test_required_output_files_created" time="1.663" /><testcase classname="tests.test_tqe_revision_readout_statistics" name="test_seed_results_have_required_columns" time="0.001" /><testcase classname="tests.test_tqe_revision_readout_statistics" name="test_no_configurations_dropped" time="0.001" /><testcase classname="tests.test_tqe_revision_readout_statistics" name="test_summary_aggregates_seeds" time="0.002" /><testcase classname="tests.test_tqe_revision_readout_statistics" name="test_exact_svt_matches_statevector_functional" time="0.001" /><testcase classname="tests.test_tqe_revision_readout_statistics" name="test_sampling_mode_labelled" time="0.000" /><testcase classname="tests.test_tqe_revision_readout_statistics" name="test_readout_is_explicitly_isolated_from_qsvt_execution" time="0.001" /><testcase classname="tests.test_tqe_revision_readout_statistics" name="test_manifest_is_safe_and_complete" time="0.001" /><testcase classname="tests.test_tqe_revision_resource_ledger" name="test_required_output_files_created" time="0.399" /><testcase classname="tests.test_tqe_revision_resource_ledger" name="test_ledger_separates_tiers" time="0.001" /><testcase classname="tests.test_tqe_revision_resource_ledger" name="test_classical_baseline_matches_ridge" time="0.000" /><testcase classname="tests.test_tqe_revision_resource_ledger" name="test_boundary_has_both_sides" time="0.000" /><testcase classname="tests.test_tqe_revision_resource_ledger" name="test_resource_conclusion_is_not_a_speed_claim" time="0.000" /><testcase classname="tests.test_tqe_revision_resource_ledger" name="test_shots_and_queries_are_positive" time="0.000" /><testcase classname="tests.test_tqe_revision_resource_ledger" name="test_ledger_separates_signal_calls_from_sequence_length" time="0.001" /><testcase classname="tests.test_tqe_sparse_oracle_block_encoding_model" name="test_sparse_oracle_reconstructs_known_matrix" time="0.001" /><testcase classname="tests.test_tqe_sparse_oracle_block_encoding_model" name="test_index_oracle_returns_sorted_nonzero_columns" time="0.000" /><testcase classname="tests.test_tqe_sparse_oracle_block_encoding_model" name="test_padding_convention_returns_sentinel_and_zero_value" time="0.000" /><testcase classname="tests.test_tqe_sparse_oracle_block_encoding_model" name="test_value_oracle_returns_nonzeros_and_zero_for_missing_entries" time="0.000" /><testcase classname="tests.test_tqe_sparse_oracle_block_encoding_model" name="test_sparse_normalization_bound_and_resource_qubits" time="0.000" /><testcase classname="tests.test_tqe_sparse_oracle_block_encoding_model" name="test_sparse_oracle_output_schema_contains_required_columns" time="0.411" /><testcase classname="tests.test_tqe_sparse_oracle_block_encoding_model" name="test_missing_case_is_recorded_without_dropping_rows" time="0.327" /><testcase classname="tests.test_utility_claim_status" name="test_utility_status_records_selection_dependence" time="0.001" /><testcase classname="tests.test_utility_claim_status" name="test_only_approved_utility_term_is_authorized" time="0.000" /><testcase classname="tests.test_weighted_singular_support" name="test_singular_support_weights_are_nonnegative_and_normalized" time="0.001" /><testcase classname="tests.test_weighted_singular_support" name="test_high_weight_direction_identification_is_deterministic" time="0.001" /><testcase classname="tests.test_weighted_singular_support" name="test_evaluate_emits_one_row_per_alpha_and_singular_index" time="0.003" /><testcase classname="tests.test_weighted_singular_support_fit" name="test_support_weights_sum_to_one" time="0.001" /><testcase classname="tests.test_weighted_singular_support_fit" name="test_zero_residual_component_handled_safely" time="0.000" /><testcase classname="tests.test_weighted_singular_support_fit" name="test_weighted_fit_is_bounded_on_dense_grid" time="0.002" /><testcase classname="tests.test_weighted_singular_support_fit" name="test_fit_modes_comparison_columns_and_gate_confirmation" time="0.004" /><testcase classname="tests.test_weighted_singular_support_fit" name="test_residual_energy_weight_concentrates_on_high_residual" time="0.004" /><testcase classname="tests.test_weighted_singular_support_fit" name="test_unsafe_fit_is_not_eligible" time="0.006" /></testsuite></testsuites>